            I3563.AG F USA_California_3000BP
            I3565.AG F USA_California_3000BP
            I7556.AG M Belize_5600BP_Archaic_Maya
            I3442.AG M Belize_Archaic_5300BP_Maya
            I7544.AG F Belize_Archaic_5300BP_Maya
            I0755.AG F USA_California_800BP
            I0756.AG M USA_California_800BP
            I0760.AG F USA_California_800BP
             USR1.SG F USA_AncientBeringian
             USR2.SG F USA_AncientBeringian
        AHUR_2064.SG M USA_11000BP
         AHUR770c.SG M USA_11000BP
       TrailCreek.SG F USA_9000BP
           Anzick.SG M USA_Anzick_12700BP
        kennewick.SG M USA_WA_Kennewick_8800BP
           I11245.AG M USA_California_1000BP
           I11259.AG F USA_California_600BP
           I11261.AG M USA_California_4000BP
           I11285.AG M USA_California_400BP
           I11286.AG M USA_California_400BP
           I11292.AG M USA_California_7000BP
           I11553.AG F USA_California_500BP
           I11969.AG F USA_California_3200BP
           I14816.AG M USA_California_4900BP
           I14826.AG F USA_California_3400BP
           I14827.AG F USA_California_3400BP
           I15175.AG F USA_California_600BP
           I19942.AG F Belize_Archaic_5300BP_Maya
           I24541.AG M Belize_11700BP_Archaic_Maya
           I11287.AG F USA_California_1900BP
           I19167.AG M Belize_Archaic_5300BP_Maya
        HGDP00774.HO M        Han
        HGDP00775.HO M        Han
        HGDP00776.HO F        Han
        HGDP00777.HO M        Han
        HGDP00779.HO M        Han
        HGDP00780.HO M        Han
        HGDP00781.HO F        Han
        HGDP00782.HO M        Han
        HGDP00783.HO F        Han
        HGDP00784.HO F        Han
        HGDP00785.HO M        Han
        HGDP00786.HO M        Han
        HGDP00811.HO F        Han
        HGDP00812.HO F        Han
        HGDP00813.HO F        Han
        HGDP00814.HO F        Han
        HGDP00815.HO M        Han
        HGDP00817.HO F        Han
        HGDP00818.HO F        Han
        HGDP00819.HO M        Han
        HGDP00820.HO F        Han
        HGDP00821.HO M        Han
        HGDP00822.HO M        Han
        HGDP00832.HO F      Surui
        HGDP00837.HO M      Surui
        HGDP00838.HO F      Surui
        HGDP00843.HO M      Surui
        HGDP00845.HO M      Surui
        HGDP00846.HO U      Surui
        HGDP00849.HO M      Surui
        HGDP00852.HO U      Surui
        HGDP00854.HO F      Mayan
        HGDP00855.HO F      Mayan
        HGDP00856.HO M      Mayan
        HGDP00857.HO F      Mayan
        HGDP00858.HO F      Mayan
        HGDP00859.HO F      Mayan
        HGDP00861.HO F      Mayan
        HGDP00862.HO F      Mayan
        HGDP00863.HO F      Mayan
        HGDP00864.HO F      Mayan
        HGDP00865.HO F      Mayan
        HGDP00868.HO F      Mayan
        HGDP00869.HO F      Mayan
        HGDP00870.HO F      Mayan
        HGDP00872.HO F      Mayan
        HGDP00873.HO F      Mayan
        HGDP00875.HO F      Mayan
        HGDP00877.HO M      Mayan
        HGDP00920.HO F     Yoruba
        HGDP00924.HO F     Yoruba
        HGDP00925.HO F     Yoruba
        HGDP00926.HO F     Yoruba
        HGDP00928.HO F     Yoruba
        HGDP00929.HO M     Yoruba
        HGDP00930.HO M     Yoruba
        HGDP00931.HO M     Yoruba
        HGDP00932.HO M     Yoruba
        HGDP00933.HO F     Yoruba
        HGDP00934.HO F     Yoruba
        HGDP00935.HO F     Yoruba
        HGDP00936.HO M     Yoruba
        HGDP00937.HO M     Yoruba
        HGDP00938.HO F     Yoruba
        HGDP00939.HO F     Yoruba
        HGDP00940.HO M     Yoruba
        HGDP00941.HO M     Yoruba
        HGDP00942.HO M     Yoruba
        HGDP00943.HO M     Yoruba
        HGDP00944.HO M     Yoruba
        HGDP00971.HO M        Han
        HGDP00972.HO F        Han
        HGDP00973.HO M        Han
        HGDP00974.HO F        Han
        HGDP00975.HO F        Han
        HGDP00976.HO F        Han
        HGDP00977.HO M        Han
        HGDP00995.HO F  Karitiana
        HGDP00999.HO F  Karitiana
        HGDP01001.HO F  Karitiana
        HGDP01003.HO F  Karitiana
        HGDP01006.HO F  Karitiana
        HGDP01010.HO U  Karitiana
        HGDP01012.HO M  Karitiana
        HGDP01013.HO M  Karitiana
        HGDP01014.HO U  Karitiana
        HGDP01015.HO M  Karitiana
        HGDP01018.HO F  Karitiana
        HGDP01019.HO M  Karitiana
        HGDP01021.HO F        Han
        HGDP01023.HO F        Han
        HGDP01024.HO F        Han
        HGDP01037.HO M       Pima
        HGDP01041.HO F       Pima
        HGDP01043.HO M       Pima
        HGDP01044.HO U       Pima
        HGDP01047.HO M       Pima
        HGDP01050.HO M       Pima
        HGDP01051.HO U       Pima
        HGDP01053.HO F       Pima
        HGDP01055.HO M       Pima
        HGDP01056.HO U       Pima
        HGDP01057.HO M       Pima
        HGDP01058.HO F       Pima
        HGDP01059.HO M       Pima
        HGDP01060.HO M       Pima
        HGDP01287.HO F        Han
        HGDP01288.HO M        Han
        HGDP01289.HO M        Han
        HGDP01290.HO M        Han
        HGDP01291.HO F        Han
        HGDP01292.HO M        Han
        HGDP01293.HO M        Han
        HGDP01294.HO M        Han
        HGDP01295.HO M        Han
        HGDP01296.HO M        Han
          Han1994.HO M        Han
          Han1207.HO M        Han
          Han1235.HO M        Han
          Han1415.HO M        Han
          Han1432.HO M        Han
          Han1434.HO M        Han
          Han2087.HO M        Han
          Han2088.HO M        Han
           Han894.HO M        Han
          Han1226.HO M        Han
          Han1243.HO M        Han
          Han1713.HO M        Han
          Han1714.HO M        Han
           Han788.HO M        Han
           Han789.HO M        Han
           Han874.HO M        Han
          Han2161.HO M        Han
          Han2162.HO M        Han
          Han1452.HO F        Han
          Han1962.HO M        Han
          Han2054.HO M        Han
          Han2057.HO M        Han
          Han2058.HO M        Han
          Han2076.HO M        Han
          Han2090.HO M        Han
             Han4.HO M        Han
            Han25.HO M        Han
           Han853.HO M        Han
          Han1329.HO M        Han
          Han1616.HO M        Han
          Han1840.HO M        Han
          Han1896.HO M        Han
          Han1916.HO M        Han
          Han1978.HO M        Han
            Han24.HO M        Han
           Han496.HO M        Han
           Han115.HO M        Han
           Han790.HO M        Han
           Han855.HO M        Han
          Han1603.HO M        Han
          Han1843.HO M        Han
          Han1897.HO M        Han
          Han1899.HO M        Han
          Han1970.HO M        Han
          Han1709.HO M        Han
          Han1917.HO M        Han
          Han2044.HO M        Han
          Han2145.HO M        Han
          Han2147.HO M        Han
          Han2151.HO M        Han
          Han2155.HO M        Han
            Han53.HO M        Han
           Han192.HO M        Han
           Han278.HO M        Han
           Han605.HO M        Han
           Han993.HO M        Han
           Han220.HO M        Han
           Han516.HO M        Han
          Han1968.HO M        Han
          Han2150.HO M        Han
          Han1467.HO M        Han
          Han1619.HO M        Han
          Han1900.HO M        Han
          Han1934.HO M        Han
             BI16.SG M  Karitiana
        HGDP00877.SG M      Mayan
            CpM12.SG M Honduras_Copan_Classic_Maya
            CpM13.SG M Honduras_Copan_Classic_Maya
          B_Han-3.DG M        Han
    B_Karitiana-3.DG M  Karitiana
       B_Yoruba-3.DG M     Yoruba
          S_Han-1.DG F        Han
          S_Han-2.DG M        Han
    S_Karitiana-1.DG M  Karitiana
    S_Karitiana-2.DG F  Karitiana
        S_Mayan-1.DG F      Mayan
        S_Mayan-2.DG F      Mayan
         S_Pima-1.DG M       Pima
         S_Pima-2.DG F       Pima
        S_Surui-1.DG F      Surui
        S_Surui-2.DG F      Surui
       S_Yoruba-1.DG F     Yoruba
       S_Yoruba-2.DG M     Yoruba
        HGDP00774.DG M        Han
        HGDP00775.DG M        Han
        HGDP00776.DG F        Han
        HGDP00777.DG M        Han
        HGDP00778.DG M        Han
        HGDP00779.DG M        Han
        HGDP00780.DG M        Han
        HGDP00781.DG F        Han
        HGDP00782.DG M        Han
        HGDP00783.DG F        Han
        HGDP00784.DG F        Han
        HGDP00785.DG M        Han
        HGDP00786.DG M        Han
        HGDP00811.DG F        Han
        HGDP00812.DG F        Han
        HGDP00813.DG F        Han
        HGDP00814.DG F        Han
        HGDP00815.DG M        Han
        HGDP00817.DG F        Han
        HGDP00818.DG F        Han
        HGDP00819.DG M        Han
        HGDP00820.DG F        Han
        HGDP00821.DG M        Han
        HGDP00822.DG M        Han
        HGDP00832.DG F      Surui
        HGDP00837.DG M      Surui
        HGDP00838.DG F      Surui
        HGDP00843.DG M      Surui
        HGDP00845.DG M      Surui
        HGDP00846.DG F      Surui
        HGDP00849.DG M      Surui
        HGDP00852.DG F      Surui
        HGDP00854.DG F      Mayan
        HGDP00855.DG F      Mayan
        HGDP00856.DG M      Mayan
        HGDP00857.DG F      Mayan
        HGDP00858.DG F      Mayan
        HGDP00859.DG F      Mayan
        HGDP00860.DG F      Mayan
        HGDP00861.DG F      Mayan
        HGDP00862.DG F      Mayan
        HGDP00863.DG F      Mayan
        HGDP00864.DG F      Mayan
        HGDP00865.DG F      Mayan
        HGDP00868.DG F      Mayan
        HGDP00869.DG F      Mayan
        HGDP00870.DG F      Mayan
        HGDP00871.DG F      Mayan
        HGDP00872.DG F      Mayan
        HGDP00873.DG F      Mayan
        HGDP00875.DG F      Mayan
        HGDP00876.DG F      Mayan
        HGDP00877.DG M      Mayan
        HGDP00920.DG F     Yoruba
        HGDP00924.DG F     Yoruba
        HGDP00925.DG F     Yoruba
        HGDP00926.DG F     Yoruba
        HGDP00928.DG F     Yoruba
        HGDP00929.DG M     Yoruba
        HGDP00930.DG M     Yoruba
        HGDP00931.DG M     Yoruba
        HGDP00932.DG M     Yoruba
        HGDP00933.DG F     Yoruba
        HGDP00934.DG F     Yoruba
        HGDP00935.DG F     Yoruba
        HGDP00936.DG M     Yoruba
        HGDP00937.DG M     Yoruba
        HGDP00938.DG F     Yoruba
        HGDP00939.DG F     Yoruba
        HGDP00940.DG M     Yoruba
        HGDP00941.DG M     Yoruba
        HGDP00942.DG M     Yoruba
        HGDP00943.DG M     Yoruba
        HGDP00944.DG M     Yoruba
        HGDP00971.DG M        Han
        HGDP00972.DG F        Han
        HGDP00973.DG M        Han
        HGDP00974.DG F        Han
        HGDP00975.DG F        Han
        HGDP00976.DG F        Han
        HGDP00977.DG M        Han
        HGDP00995.DG F  Karitiana
        HGDP00998.DG M  Karitiana
        HGDP00999.DG F  Karitiana
        HGDP01001.DG F  Karitiana
        HGDP01009.DG M  Karitiana
        HGDP01010.DG U  Karitiana
        HGDP01012.DG M  Karitiana
        HGDP01013.DG M  Karitiana
        HGDP01014.DG U  Karitiana
        HGDP01015.DG M  Karitiana
        HGDP01018.DG F  Karitiana
        HGDP01019.DG M  Karitiana
        HGDP01021.DG F        Han
        HGDP01023.DG F        Han
        HGDP01037.DG M       Pima
        HGDP01041.DG F       Pima
        HGDP01043.DG M       Pima
        HGDP01044.DG F       Pima
        HGDP01047.DG M       Pima
        HGDP01050.DG M       Pima
        HGDP01053.DG F       Pima
        HGDP01055.DG M       Pima
        HGDP01056.DG U       Pima
        HGDP01057.DG M       Pima
        HGDP01058.DG F       Pima
        HGDP01059.DG M       Pima
        HGDP01060.DG M       Pima
        HGDP01287.DG F        Han
        HGDP01288.DG M        Han
        HGDP01289.DG M        Han
        HGDP01290.DG M        Han
        HGDP01291.DG F        Han
        HGDP01292.DG M        Han
        HGDP01293.DG M        Han
        HGDP01294.DG M        Han
        HGDP01295.DG M        Han
        HGDP01296.DG M        Han
           I19944.AG M Belize_Archaic_5300BP_Maya
           I24542.AG F Belize_Archaic_5000BP_Maya
