            I2762.AG M Hungary_LateC_EBA_Yamnaya
            I0723.AG M   Turkey_N
            I0727.AG M   Turkey_N
            I0854.AG F   Turkey_N
            I2017.AG F Germany_HalberstadtSonntagsfeld_EN_LBK
            I2363.AG F Hungary_LateC_EBA_Yamnaya
            I5241.AG F Serbia_IronGates_Mesolithic
            I5771.AG M Serbia_IronGates_Mesolithic
            I6695.AG F Czechia_EBA_CordedWare
            I7209.AG M Czechia_EBA_CordedWare
            I0106.AG F Germany_Esperstedt_CordedWare
            I0370.AG M Russia_Orenburg_EBA_Yamnaya
            I0725.AG F   Turkey_N
            I0736.AG F   Turkey_N
            I0746.AG M   Turkey_N
            I1097.AG M   Turkey_N
            I1101.AG M   Turkey_N
            I1428.AG F Bulgaria_EBA_Yamnaya
            ALT_1.AG U Germany_Althausen_CordedWare
     UNTA121_FK61.AG M Germany_HaunstettenUntererTalweg121_CordedWare
     UNTA89_FK231.AG M Germany_HaunstettenUntererTalweg89_CordedWare
           BUT002.AG F Czechia_EBA_CordedWare
           BUT003.AG M Czechia_EBA_CordedWare
           CAH005.AG M Czechia_EBA_CordedWare
           KON003.AG M Czechia_EBA_CordedWare
           OBR002.AG F Czechia_EBA_CordedWare
           OBR003.AG M Czechia_EBA_CordedWare
           OBR004.AG F Czechia_EBA_CordedWare
           OHR002.AG F Czechia_EBA_CordedWare
           RDV001.AG M Czechia_EBA_CordedWare
           TRM006.AG M Czechia_EBA_CordedWare
           VLI007.AG F Czechia_EBA_CordedWare
           VLI019.AG M Czechia_EBA_CordedWare
           VLI085.AG M Czechia_EBA_CordedWare
           VLI088.AG F Czechia_EBA_CordedWare
         I3025.AG.SG F England_Mesolithic
           DER012.AG F Germany_DerenburgMeerenstieg2_N_LBK
           DER014.AG M Germany_DerenburgMeerenstieg2_N_LBK
           DER024.AG F Germany_DerenburgMeerenstieg2_N_LBK
          VERT113.SG F Ukraine_MBA_CordedWare
             Hum2.SG M Norway_Mesolithic
             SF12.SG F Sweden_Mesolithic
             Chan.SG F Spain_Mesolithic
             kum6.SG F   Turkey_N
           pcw420.SG M Poland_CordedWare
           pcw430.SG M Poland_CordedWare
           BOT004.AG M Germany_Bottendorf_Mesolithic
           RK1007.AG F Russia_EBA_Caucasus_Yamnaya
           CCH294.SG M   Turkey_N
           cth006.SG F   Turkey_N
           pch034.SG F   Turkey_N
          RISE552.SG M Russia_EBA_Kalmykia_Yamnaya
             Bar8.SG F   Turkey_N
       Tep002.WGC.SG F   Turkey_N
       Tep004.WGC.SG F   Turkey_N
       Tep006.WGC.SG M   Turkey_N
           I10398.AG F Moldova_EBA_Yamnaya
           I14119.AG M Romania_Brailita_EBA_Yamnaya
           I14599.AG F Slovakia_N_LBK
           I14600.AG M Slovakia_N_LBK
           I16010.AG M Slovakia_N_LBK
           I16013.AG F Slovakia_N_LBK
           I16014.AG F Slovakia_N_LBK
           I16016.AG M Slovakia_N_LBK
           I17343.AG M Slovakia_N_LBK
           I17539.AG M Slovakia_N_LBK
           I18144.AG F Slovakia_N_LBK
           I24028.AG M Austria_N_LBK
           I24285.AG F Austria_N_LBK
           I24896.AG F Austria_N_LBK
           I24907.AG M Austria_N_LBK
           I25175.AG F Slovakia_N_LBK
         I25175_d.AG F Slovakia_N_LBK
           I26782.AG F Russia_Rostov_EBA_Don_Yamnaya
           I25322.AG M Austria_N_LBK
           I25329.AG F Austria_N_LBK
         I25332_d.AG M Austria_N_LBK
           I29877.TW M Hungary_EN_LBK_DVK
           I30413.TW M Austria_N_LBK
           I32850.TW M Russia_Kalmykia_EBA_Yamnaya
           I32864.TW M Russia_Kalmykia_EBA_Yamnaya
           I32865.TW M Russia_Kalmykia_EBA_Yamnaya
           I33308.TW M Russia_Kalmykia_EBA_Yamnaya
           I33309.TW F Russia_Kalmykia_EBA_Yamnaya
           I33863.TW M Russia_Kalmykia_EBA_Yamnaya
           I33864.TW M Russia_Kalmykia_EBA_Yamnaya
           I33868.TW F Russia_Kalmykia_EBA_Yamnaya
           I12883.AG M Russia_Kalmykia_EMBA_Yamnaya
           I18101.AG M Hungary_LateC_Yamnaya
           I23568.AG M Russia_Rostov_EMBA_Don_Yamnaya
         Rbgp-200.HO M    Russian
         Rbgp-201.HO M    Russian
         Rbgp-203.HO M    Russian
         Rbgp-205.HO U    Russian
          Rkbo-12.HO F    Russian
          Rkbo-16.HO M    Russian
          Rkbo-44.HO M    Russian
          Rkbo-58.HO M    Russian
         Rksh-402.HO M    Russian
         Rksh-405.HO M    Russian
         Rksh-407.HO M    Russian
         Rksh-412.HO F    Russian
         Rkuch-03.HO M    Russian
         Rkuch-05.HO M    Russian
         Rkuch-53.HO M    Russian
         Rkuch-58.HO M    Russian
         Rorl-102.HO F    Russian
         Rorl-110.HO F    Russian
         Rorl-114.HO M    Russian
         Rorl-155.HO M    Russian
          Rps-002.HO M    Russian
          Rps-004.HO M    Russian
          Rps-006.HO M    Russian
          Rps-012.HO M    Russian
          Rps-090.HO M    Russian
          Rps-091.HO M    Russian
          Rps-098.HO M    Russian
          Rrzm-08.HO M    Russian
          Rrzm-10.HO F    Russian
          Rrzm-13.HO M    Russian
          Rrzm-16.HO M    Russian
          Rrzm-83.HO M    Russian
           Rrzs-3.HO F    Russian
           Rrzs-7.HO M    Russian
          Rrzs-11.HO M    Russian
          Rrzs-32.HO F    Russian
          Rrzs-58.HO M    Russian
          Rrzs-66.HO M    Russian
          Rrzs-88.HO M    Russian
          Rsm-103.HO M    Russian
          Rsm-109.HO M    Russian
          Rsm-166.HO M    Russian
          Rsm-171.HO M    Russian
          Rsm-176.HO M    Russian
          Rsm-179.HO M    Russian
          Rsm-181.HO M    Russian
         RYAR-173.HO M    Russian
         RYAR-223.HO M    Russian
         RYAR-232.HO M    Russian
        HGDP00511.HO M     French
        HGDP00512.HO M     French
        HGDP00513.HO F     French
        HGDP00514.HO F     French
        HGDP00515.HO M     French
        HGDP00516.HO F     French
        HGDP00517.HO F     French
        HGDP00518.HO M     French
        HGDP00519.HO M     French
        HGDP00522.HO M     French
        HGDP00523.HO F     French
        HGDP00524.HO F     French
        HGDP00525.HO M     French
        HGDP00526.HO F     French
        HGDP00527.HO F     French
        HGDP00528.HO M     French
        HGDP00529.HO F     French
        HGDP00531.HO F     French
        HGDP00533.HO M     French
        HGDP00534.HO F     French
        HGDP00535.HO F     French
        HGDP00536.HO F     French
        HGDP00537.HO F     French
        HGDP00538.HO M     French
        HGDP00539.HO F     French
        HGDP00666.HO M  Sardinian
        HGDP00667.HO F  Sardinian
        HGDP00668.HO M  Sardinian
        HGDP00669.HO F  Sardinian
        HGDP00670.HO M  Sardinian
        HGDP00671.HO M  Sardinian
        HGDP00672.HO F  Sardinian
        HGDP00673.HO F  Sardinian
        HGDP00674.HO M  Sardinian
        HGDP00879.HO M    Russian
        HGDP00880.HO M    Russian
        HGDP00882.HO M    Russian
        HGDP00883.HO M    Russian
        HGDP00884.HO F    Russian
        HGDP00887.HO M    Russian
        HGDP00888.HO M    Russian
        HGDP00889.HO F    Russian
        HGDP00890.HO M    Russian
        HGDP00891.HO M    Russian
        HGDP00892.HO M    Russian
        HGDP00893.HO M    Russian
        HGDP00894.HO M    Russian
        HGDP00895.HO M    Russian
        HGDP00896.HO M    Russian
        HGDP00897.HO M    Russian
        HGDP00898.HO F    Russian
        HGDP00899.HO F    Russian
        HGDP00900.HO M    Russian
        HGDP00901.HO F    Russian
        HGDP00902.HO F    Russian
        HGDP00903.HO F    Russian
        HGDP00920.HO F     Yoruba
        HGDP00924.HO F     Yoruba
        HGDP00925.HO F     Yoruba
        HGDP00926.HO F     Yoruba
        HGDP00928.HO F     Yoruba
        HGDP00929.HO M     Yoruba
        HGDP00930.HO M     Yoruba
        HGDP00931.HO M     Yoruba
        HGDP00932.HO M     Yoruba
        HGDP00933.HO F     Yoruba
        HGDP00934.HO F     Yoruba
        HGDP00935.HO F     Yoruba
        HGDP00936.HO M     Yoruba
        HGDP00937.HO M     Yoruba
        HGDP00938.HO F     Yoruba
        HGDP00939.HO F     Yoruba
        HGDP00940.HO M     Yoruba
        HGDP00941.HO M     Yoruba
        HGDP00942.HO M     Yoruba
        HGDP00943.HO M     Yoruba
        HGDP00944.HO M     Yoruba
        HGDP01062.HO F  Sardinian
        HGDP01063.HO M  Sardinian
        HGDP01064.HO F  Sardinian
        HGDP01065.HO F  Sardinian
        HGDP01066.HO M  Sardinian
        HGDP01067.HO M  Sardinian
        HGDP01068.HO F  Sardinian
        HGDP01069.HO M  Sardinian
        HGDP01070.HO F  Sardinian
        HGDP01071.HO M  Sardinian
        HGDP01072.HO F  Sardinian
        HGDP01073.HO M  Sardinian
        HGDP01074.HO F  Sardinian
        HGDP01075.HO M  Sardinian
        HGDP01076.HO M  Sardinian
        HGDP01077.HO M  Sardinian
        HGDP01078.HO F  Sardinian
        HGDP01079.HO M  Sardinian
  SouthFrench3326.HO M     French
  SouthFrench3947.HO M     French
  SouthFrench1323.HO M     French
  SouthFrench3951.HO M     French
  SouthFrench3068.HO M     French
  SouthFrench1112.HO M     French
  SouthFrench4018.HO M     French
      French23812.HO M     French
      French23814.HO M     French
      French23830.HO M     French
      French23833.HO F     French
      French23862.HO M     French
      French23915.HO M     French
      French23919.HO F     French
      French23989.HO F     French
      French24061.HO M     French
      French24075.HO F     French
      French24076.HO M     French
      French24090.HO M     French
      French24118.HO M     French
      French24120.HO F     French
      French24124.HO M     French
      French24144.HO F     French
      French24148.HO M     French
      French24178.HO F     French
      French24247.HO F     French
      French24381.HO F     French
      French24400.HO M     French
      French24408.HO F     French
      French24433.HO M     French
      French24434.HO F     French
      French24437.HO F     French
      French24690.HO U     French
      French24817.HO M     French
      French25068.HO F     French
            I0104.SG M Germany_Esperstedt_CordedWare
         I1099.AG.TW M   Turkey_N
         I1102.AG.TW M   Turkey_N
        I17744.AG.TW M Moldova_EBA_Yamnaya
         I5120.AG.TW F Hungary_LateC_EBA_Yamnaya
        I10498.AG.TW F Romania_EBA_Yamnaya
           NEO648.SG M Spain_Mesolithic
           NEO694.SG M Spain_Mesolithic
           hoe004.SG F France_Mesolithic
           hoe005.SG F France_Mesolithic
           DOB001.AG M Germany_Urdhohle_Mesolithic
         DOG004_d.AG M Netherlands_Mesolithic
           DOG007.AG M Netherlands_Mesolithic
           AMI002.AG F Spain_Mesolithic
           MPR001.AG F Belgium_Mesolithic
           CRN001.AG M Spain_Mesolithic
           WCX004.AG F Belgium_Mesolithic
         LaBrana1.SG M Spain_Mesolithic
            I3121.AG M   Turkey_N
       I18794_alt.AG M Bulgaria_Boyanovo_EBA_Yamnaya
       BerryAuBac.AG M France_HautsdeFrance_Mesolithic
  LesCloseaux13_d.AG F France_Mesolithic
          Ofnet_d.AG F Germany_Ofnet_Mesolithic
      Chaudardes1.AG M France_Mesolithic
           MAF001.AG M France_Mesolithic
            I1583.DG M   Turkey_N
            I0707.SG F   Turkey_N
            I5240.SG M Serbia_IronGates_Mesolithic
            I1581.SG F   Turkey_N
            I7487.SG M Russia_Chelyabinsk_EBA_Yamnaya
            I0709.SG M   Turkey_N
            I0745.SG M   Turkey_N
            I1098.SG F   Turkey_N
       B_French-3.DG M     French
    B_Sardinian-3.DG M  Sardinian
       B_Yoruba-3.DG M     Yoruba
       S_French-1.DG M     French
       S_French-2.DG F     French
      S_Russian-1.DG M    Russian
      S_Russian-2.DG F    Russian
    S_Sardinian-1.DG M  Sardinian
    S_Sardinian-2.DG F  Sardinian
       S_Yoruba-1.DG F     Yoruba
       S_Yoruba-2.DG M     Yoruba
        HGDP00511.DG M     French
        HGDP00512.DG M     French
        HGDP00513.DG F     French
        HGDP00514.DG F     French
        HGDP00515.DG M     French
        HGDP00516.DG F     French
        HGDP00517.DG F     French
        HGDP00518.DG M     French
        HGDP00519.DG M     French
        HGDP00520.DG F     French
        HGDP00521.DG M     French
        HGDP00522.DG M     French
        HGDP00523.DG F     French
        HGDP00524.DG F     French
        HGDP00525.DG M     French
        HGDP00526.DG F     French
        HGDP00527.DG F     French
        HGDP00528.DG M     French
        HGDP00529.DG F     French
        HGDP00530.DG M     French
        HGDP00531.DG F     French
        HGDP00533.DG M     French
        HGDP00534.DG F     French
        HGDP00535.DG F     French
        HGDP00536.DG F     French
        HGDP00537.DG F     French
        HGDP00538.DG M     French
        HGDP00539.DG F     French
        HGDP00665.DG M  Sardinian
        HGDP00666.DG M  Sardinian
        HGDP00667.DG F  Sardinian
        HGDP00668.DG M  Sardinian
        HGDP00669.DG F  Sardinian
        HGDP00670.DG M  Sardinian
        HGDP00671.DG M  Sardinian
        HGDP00672.DG F  Sardinian
        HGDP00673.DG F  Sardinian
        HGDP00674.DG M  Sardinian
        HGDP00879.DG M    Russian
        HGDP00880.DG M    Russian
        HGDP00881.DG F    Russian
        HGDP00882.DG M    Russian
        HGDP00883.DG M    Russian
        HGDP00884.DG F    Russian
        HGDP00885.DG U    Russian
        HGDP00886.DG U    Russian
        HGDP00887.DG M    Russian
        HGDP00888.DG M    Russian
        HGDP00889.DG F    Russian
        HGDP00890.DG M    Russian
        HGDP00891.DG M    Russian
        HGDP00892.DG M    Russian
        HGDP00893.DG M    Russian
        HGDP00894.DG M    Russian
        HGDP00895.DG M    Russian
        HGDP00896.DG M    Russian
        HGDP00897.DG M    Russian
        HGDP00898.DG F    Russian
        HGDP00899.DG F    Russian
        HGDP00900.DG M    Russian
        HGDP00901.DG F    Russian
        HGDP00902.DG F    Russian
        HGDP00903.DG F    Russian
        HGDP00920.DG F     Yoruba
        HGDP00924.DG F     Yoruba
        HGDP00925.DG F     Yoruba
        HGDP00926.DG F     Yoruba
        HGDP00928.DG F     Yoruba
        HGDP00929.DG M     Yoruba
        HGDP00930.DG M     Yoruba
        HGDP00931.DG M     Yoruba
        HGDP00932.DG M     Yoruba
        HGDP00933.DG F     Yoruba
        HGDP00934.DG F     Yoruba
        HGDP00935.DG F     Yoruba
        HGDP00936.DG M     Yoruba
        HGDP00937.DG M     Yoruba
        HGDP00938.DG F     Yoruba
        HGDP00939.DG F     Yoruba
        HGDP00940.DG M     Yoruba
        HGDP00941.DG M     Yoruba
        HGDP00942.DG M     Yoruba
        HGDP00943.DG M     Yoruba
        HGDP00944.DG M     Yoruba
        HGDP01062.DG F  Sardinian
        HGDP01063.DG M  Sardinian
        HGDP01064.DG F  Sardinian
        HGDP01065.DG F  Sardinian
        HGDP01066.DG M  Sardinian
        HGDP01067.DG M  Sardinian
        HGDP01068.DG F  Sardinian
        HGDP01069.DG M  Sardinian
        HGDP01070.DG F  Sardinian
        HGDP01071.DG M  Sardinian
        HGDP01072.DG F  Sardinian
        HGDP01073.DG M  Sardinian
        HGDP01074.DG F  Sardinian
        HGDP01075.DG M  Sardinian
        HGDP01076.DG M  Sardinian
        HGDP01077.DG M  Sardinian
        HGDP01078.DG F  Sardinian
        HGDP01079.DG M  Sardinian
           SOP002.SG F Estonia_LN_CordedWare
           I24286.AG F Austria_N_LBK
